app/manifest-merger-micromax-release-report.txt
-- Merging decision tree log ---
manifest
ADDED from AndroidManifest.xml:2:1
	xmlns:android
		ADDED from AndroidManifest.xml:2:11
	package
		ADDED from AndroidManifest.xml:3:5
		INJECTED from AndroidManifest.xml:0:0
		INJECTED from AndroidManifest.xml:0:0
	android:versionName
		INJECTED from AndroidManifest.xml:0:0
		INJECTED from AndroidManifest.xml:0:0
	android:versionCode
		INJECTED from AndroidManifest.xml:0:0
		INJECTED from AndroidManifest.xml:0:0
permission#mxx.permission.ACCESS_DB_DATA
ADDED from AndroidManifest.xml:7:5
	android:protectionLevel
		ADDED from AndroidManifest.xml:9:9
	android:name
		ADDED from AndroidManifest.xml:8:9
uses-permission#hme.permission.ACCESS_MXX_DATA
ADDED from AndroidManifest.xml:12:5
	android:name
		ADDED from AndroidManifest.xml:12:22
uses-permission#android.permission.ACCESS_NETWORK_STATE
ADDED from AndroidManifest.xml:14:5
	android:name
		ADDED from AndroidManifest.xml:14:22
uses-permission#android.permission.INTERNET
ADDED from AndroidManifest.xml:15:5
	android:name
		ADDED from AndroidManifest.xml:15:22
uses-permission#android.permission.BLUETOOTH
ADDED from AndroidManifest.xml:18:5
MERGED from YUFIT:mgsdk:unspecified:11:5
	android:name
		ADDED from AndroidManifest.xml:18:22
uses-permission#android.permission.BLUETOOTH_ADMIN
ADDED from AndroidManifest.xml:19:5
MERGED from YUFIT:mgsdk:unspecified:12:5
	android:name
		ADDED from AndroidManifest.xml:19:22
uses-permission#android.permission.WRITE_EXTERNAL_STORAGE
ADDED from AndroidManifest.xml:22:5
	android:name
		ADDED from AndroidManifest.xml:22:22
uses-permission#android.permission.ACCESS_FINE_LOCATION
ADDED from AndroidManifest.xml:23:5
	android:name
		ADDED from AndroidManifest.xml:23:22
uses-permission#android.permission.ACCESS_COARSE_LOCATION
ADDED from AndroidManifest.xml:24:5
	android:name
		ADDED from AndroidManifest.xml:24:22
uses-permission#android.permission.READ_PHONE_STATE
ADDED from AndroidManifest.xml:27:5
	android:required
		ADDED from AndroidManifest.xml:29:9
	android:name
		ADDED from AndroidManifest.xml:28:9
uses-permission#android.permission.READ_CALL_LOG
ADDED from AndroidManifest.xml:30:5
	android:required
		ADDED from AndroidManifest.xml:32:9
	android:name
		ADDED from AndroidManifest.xml:31:9
uses-permission#android.permission.READ_CONTACTS
ADDED from AndroidManifest.xml:33:5
	android:required
		ADDED from AndroidManifest.xml:35:9
	android:name
		ADDED from AndroidManifest.xml:34:9
uses-permission#android.permission.RECEIVE_SMS
ADDED from AndroidManifest.xml:36:5
	android:required
		ADDED from AndroidManifest.xml:38:9
	android:name
		ADDED from AndroidManifest.xml:37:9
uses-permission#android.permission.READ_SMS
ADDED from AndroidManifest.xml:39:5
	android:required
		ADDED from AndroidManifest.xml:41:9
	android:name
		ADDED from AndroidManifest.xml:40:9
uses-feature#android.hardware.telephony
ADDED from AndroidManifest.xml:43:5
	android:required
		ADDED from AndroidManifest.xml:45:9
	android:name
		ADDED from AndroidManifest.xml:44:9
uses-permission#android.permission.SEND_SMS
ADDED from AndroidManifest.xml:51:5
	android:name
		ADDED from AndroidManifest.xml:51:22
uses-permission#android.permission.CAMERA
ADDED from AndroidManifest.xml:54:5
	android:required
		ADDED from AndroidManifest.xml:56:9
	android:name
		ADDED from AndroidManifest.xml:55:9
uses-feature#android.hardware.camera
ADDED from AndroidManifest.xml:58:5
	android:required
		ADDED from AndroidManifest.xml:60:9
	android:name
		ADDED from AndroidManifest.xml:59:9
uses-feature#android.hardware.camera.autofocus
ADDED from AndroidManifest.xml:61:5
	android:required
		ADDED from AndroidManifest.xml:63:9
	android:name
		ADDED from AndroidManifest.xml:62:9
uses-permission#android.permission.RECORD_AUDIO
ADDED from AndroidManifest.xml:66:5
	android:required
		ADDED from AndroidManifest.xml:68:9
	android:name
		ADDED from AndroidManifest.xml:67:9
uses-feature#android.hardware.bluetooth_le
ADDED from AndroidManifest.xml:70:5
MERGED from YUFIT:mgsdk:unspecified:15:5
	android:required
		ADDED from AndroidManifest.xml:72:9
	android:name
		ADDED from AndroidManifest.xml:71:9
application
ADDED from AndroidManifest.xml:74:5
MERGED from com.google.android.gms:play-services:7.3.0:19:5
MERGED from com.google.android.gms:play-services-ads:7.3.0:19:5
MERGED from com.google.android.gms:play-services-base:7.3.0:20:5
MERGED from com.android.support:support-v4:22.0.0:22:5
MERGED from com.google.android.gms:play-services-analytics:7.3.0:19:5
MERGED from com.google.android.gms:play-services-base:7.3.0:20:5
MERGED from com.android.support:support-v4:22.0.0:22:5
MERGED from com.google.android.gms:play-services-analytics:7.3.0:19:5
MERGED from com.google.android.gms:play-services-base:7.3.0:20:5
MERGED from com.android.support:support-v4:22.0.0:22:5
MERGED from com.google.android.gms:play-services-appindexing:7.3.0:19:5
MERGED from com.google.android.gms:play-services-base:7.3.0:20:5
MERGED from com.android.support:support-v4:22.0.0:22:5
MERGED from com.google.android.gms:play-services-appinvite:7.3.0:19:5
MERGED from com.google.android.gms:play-services-base:7.3.0:20:5
MERGED from com.android.support:support-v4:22.0.0:22:5
MERGED from com.google.android.gms:play-services-appstate:7.3.0:19:5
MERGED from com.google.android.gms:play-services-base:7.3.0:20:5
MERGED from com.android.support:support-v4:22.0.0:22:5
MERGED from com.google.android.gms:play-services-base:7.3.0:20:5
MERGED from com.android.support:support-v4:22.0.0:22:5
MERGED from com.google.android.gms:play-services-cast:7.3.0:19:5
MERGED from com.google.android.gms:play-services-base:7.3.0:20:5
MERGED from com.android.support:support-v4:22.0.0:22:5
MERGED from com.google.android.gms:play-services-drive:7.3.0:19:5
MERGED from com.google.android.gms:play-services-base:7.3.0:20:5
MERGED from com.android.support:support-v4:22.0.0:22:5
MERGED from com.google.android.gms:play-services-fitness:7.3.0:19:5
MERGED from com.google.android.gms:play-services-base:7.3.0:20:5
MERGED from com.android.support:support-v4:22.0.0:22:5
MERGED from com.google.android.gms:play-services-location:7.3.0:19:5
MERGED from com.google.android.gms:play-services-base:7.3.0:20:5
MERGED from com.android.support:support-v4:22.0.0:22:5
MERGED from com.google.android.gms:play-services-maps:7.3.0:19:5
MERGED from com.google.android.gms:play-services-base:7.3.0:20:5
MERGED from com.android.support:support-v4:22.0.0:22:5
MERGED from com.google.android.gms:play-services-games:7.3.0:19:5
MERGED from com.google.android.gms:play-services-base:7.3.0:20:5
MERGED from com.android.support:support-v4:22.0.0:22:5
MERGED from com.google.android.gms:play-services-drive:7.3.0:19:5
MERGED from com.google.android.gms:play-services-base:7.3.0:20:5
MERGED from com.android.support:support-v4:22.0.0:22:5
MERGED from com.google.android.gms:play-services-gcm:7.3.0:19:5
MERGED from com.google.android.gms:play-services-base:7.3.0:20:5
MERGED from com.android.support:support-v4:22.0.0:22:5
MERGED from com.google.android.gms:play-services-identity:7.3.0:19:5
MERGED from com.google.android.gms:play-services-base:7.3.0:20:5
MERGED from com.android.support:support-v4:22.0.0:22:5
MERGED from com.google.android.gms:play-services-location:7.3.0:19:5
MERGED from com.google.android.gms:play-services-base:7.3.0:20:5
MERGED from com.android.support:support-v4:22.0.0:22:5
MERGED from com.google.android.gms:play-services-maps:7.3.0:19:5
MERGED from com.google.android.gms:play-services-base:7.3.0:20:5
MERGED from com.android.support:support-v4:22.0.0:22:5
MERGED from com.google.android.gms:play-services-maps:7.3.0:19:5
MERGED from com.google.android.gms:play-services-base:7.3.0:20:5
MERGED from com.android.support:support-v4:22.0.0:22:5
MERGED from com.google.android.gms:play-services-nearby:7.3.0:19:5
MERGED from com.google.android.gms:play-services-base:7.3.0:20:5
MERGED from com.android.support:support-v4:22.0.0:22:5
MERGED from com.google.android.gms:play-services-panorama:7.3.0:19:5
MERGED from com.google.android.gms:play-services-base:7.3.0:20:5
MERGED from com.android.support:support-v4:22.0.0:22:5
MERGED from com.google.android.gms:play-services-plus:7.3.0:19:5
MERGED from com.google.android.gms:play-services-base:7.3.0:20:5
MERGED from com.android.support:support-v4:22.0.0:22:5
MERGED from com.google.android.gms:play-services-safetynet:7.3.0:19:5
MERGED from com.google.android.gms:play-services-base:7.3.0:20:5
MERGED from com.android.support:support-v4:22.0.0:22:5
MERGED from com.google.android.gms:play-services-wallet:7.3.0:19:5
MERGED from com.google.android.gms:play-services-base:7.3.0:20:5
MERGED from com.android.support:support-v4:22.0.0:22:5
MERGED from com.google.android.gms:play-services-identity:7.3.0:19:5
MERGED from com.google.android.gms:play-services-base:7.3.0:20:5
MERGED from com.android.support:support-v4:22.0.0:22:5
MERGED from com.google.android.gms:play-services-maps:7.3.0:19:5
MERGED from com.google.android.gms:play-services-base:7.3.0:20:5
MERGED from com.android.support:support-v4:22.0.0:22:5
MERGED from com.google.android.gms:play-services-wearable:7.3.0:19:5
MERGED from com.google.android.gms:play-services-base:7.3.0:20:5
MERGED from com.android.support:support-v4:22.0.0:22:5
MERGED from com.android.support:appcompat-v7:21.0.2:16:5
MERGED from com.android.support:support-v4:22.0.0:22:5
MERGED from com.android.support:recyclerview-v7:21.0.0:17:5
MERGED from com.android.support:support-v4:22.0.0:22:5
MERGED from YUFIT:mgsdk:unspecified:19:5
	android:label
		ADDED from AndroidManifest.xml:78:9
	android:allowBackup
		ADDED from AndroidManifest.xml:76:9
	android:icon
		ADDED from AndroidManifest.xml:77:9
	android:theme
		ADDED from AndroidManifest.xml:80:9
	android:name
		ADDED from AndroidManifest.xml:75:9
	android:logo
		ADDED from AndroidManifest.xml:79:9
activity#com.maxwell.bodysensor.MainActivity
ADDED from AndroidManifest.xml:90:9
	android:windowSoftInputMode
		ADDED from AndroidManifest.xml:97:13
	android:screenOrientation
		ADDED from AndroidManifest.xml:95:13
	android:label
		ADDED from AndroidManifest.xml:92:13
	android:theme
		ADDED from AndroidManifest.xml:96:13
	android:name
		ADDED from AndroidManifest.xml:91:13
	android:logo
		ADDED from AndroidManifest.xml:94:13
	android:launchMode
		ADDED from AndroidManifest.xml:93:13
intent-filter#android.intent.action.MAIN+android.intent.category.LAUNCHER
ADDED from AndroidManifest.xml:98:13
action#android.intent.action.MAIN
ADDED from AndroidManifest.xml:99:17
	android:name
		ADDED from AndroidManifest.xml:99:25
category#android.intent.category.LAUNCHER
ADDED from AndroidManifest.xml:100:17
	android:name
		ADDED from AndroidManifest.xml:100:27
intent-filter#android.intent.category.DEFAULT+com.mxx.bodysensor.MainActivity
ADDED from AndroidManifest.xml:102:13
action#com.mxx.bodysensor.MainActivity
ADDED from AndroidManifest.xml:104:17
	android:name
		ADDED from AndroidManifest.xml:104:25
category#android.intent.category.DEFAULT
ADDED from AndroidManifest.xml:105:17
	android:name
		ADDED from AndroidManifest.xml:105:27
activity#com.maxwell.bodysensor.GroupActivity
ADDED from AndroidManifest.xml:109:9
	android:windowSoftInputMode
		ADDED from AndroidManifest.xml:114:13
	android:screenOrientation
		ADDED from AndroidManifest.xml:113:13
	android:label
		ADDED from AndroidManifest.xml:111:13
	android:name
		ADDED from AndroidManifest.xml:110:13
	android:launchMode
		ADDED from AndroidManifest.xml:112:13
activity#com.maxwell.bodysensor.CameraActivity
ADDED from AndroidManifest.xml:116:9
	android:screenOrientation
		ADDED from AndroidManifest.xml:120:13
	android:label
		ADDED from AndroidManifest.xml:118:13
	android:theme
		ADDED from AndroidManifest.xml:119:13
	android:name
		ADDED from AndroidManifest.xml:117:13
intent-filter#com.maxwell.camera.action.TAKE_PICTURE+com.maxwell.camera.action.VIDEO_RECORDER
ADDED from AndroidManifest.xml:121:13
action#com.maxwell.camera.action.TAKE_PICTURE
ADDED from AndroidManifest.xml:122:17
	android:name
		ADDED from AndroidManifest.xml:122:25
action#com.maxwell.camera.action.VIDEO_RECORDER
ADDED from AndroidManifest.xml:123:17
	android:name
		ADDED from AndroidManifest.xml:123:25
receiver#com.maxwell.bodysensor.sim.PhNSmsReceiver
ADDED from AndroidManifest.xml:127:9
	android:name
		ADDED from AndroidManifest.xml:127:19
intent-filter#android.provider.Telephony.SMS_RECEIVED
ADDED from AndroidManifest.xml:128:13
action#android.provider.Telephony.SMS_RECEIVED
ADDED from AndroidManifest.xml:129:17
	android:name
		ADDED from AndroidManifest.xml:129:25
receiver#com.maxwell.bodysensor.SyncStartReceiver
ADDED from AndroidManifest.xml:133:9
	android:name
		ADDED from AndroidManifest.xml:133:19
intent-filter#com.mmx.yufit.action_start_sync
ADDED from AndroidManifest.xml:134:13
action#com.mmx.yufit.action_start_sync
ADDED from AndroidManifest.xml:135:17
	android:name
		ADDED from AndroidManifest.xml:135:25
receiver#com.maxwell.bodysensor.BootCompletedReceiver
ADDED from AndroidManifest.xml:139:9
	android:name
		ADDED from AndroidManifest.xml:139:19
intent-filter#android.intent.action.BOOT_COMPLETED
ADDED from AndroidManifest.xml:140:13
action#android.intent.action.BOOT_COMPLETED
ADDED from AndroidManifest.xml:141:17
	android:name
		ADDED from AndroidManifest.xml:141:25
receiver#com.maxwell.bodysensor.BleStateChangeReceiver
ADDED from AndroidManifest.xml:145:9
	android:name
		ADDED from AndroidManifest.xml:145:19
intent-filter#android.bluetooth.adapter.action.STATE_CHANGED
ADDED from AndroidManifest.xml:146:13
action#android.bluetooth.adapter.action.STATE_CHANGED
ADDED from AndroidManifest.xml:147:17
	android:name
		ADDED from AndroidManifest.xml:147:25
provider#com.maxwell.bodysensor.data.DBProvider
ADDED from AndroidManifest.xml:151:9
	android:grantUriPermissions
		ADDED from AndroidManifest.xml:157:13
	android:multiprocess
		ADDED from AndroidManifest.xml:156:13
	android:exported
		ADDED from AndroidManifest.xml:155:13
	android:authorities
		ADDED from AndroidManifest.xml:153:13
	android:enabled
		ADDED from AndroidManifest.xml:154:13
	android:permission
		ADDED from AndroidManifest.xml:158:13
	android:name
		ADDED from AndroidManifest.xml:152:13
service#com.mmx.YuFit.SalesTrackService
ADDED from AndroidManifest.xml:160:9
	android:exported
		ADDED from AndroidManifest.xml:162:13
	android:name
		ADDED from AndroidManifest.xml:161:13
intent-filter#com.mxx.bodysensor.SalesTrackService
ADDED from AndroidManifest.xml:163:13
action#com.mxx.bodysensor.SalesTrackService
ADDED from AndroidManifest.xml:164:17
	android:name
		ADDED from AndroidManifest.xml:164:25
meta-data#com.facebook.sdk.ApplicationId
ADDED from AndroidManifest.xml:169:9
	android:name
		ADDED from AndroidManifest.xml:170:13
	android:value
		ADDED from AndroidManifest.xml:171:13
meta-data#com.crashlytics.ApiKey
ADDED from AndroidManifest.xml:172:9
	android:name
		ADDED from AndroidManifest.xml:173:13
	android:value
		ADDED from AndroidManifest.xml:174:13
uses-sdk
INJECTED from AndroidManifest.xml:0:0 reason: use-sdk injection requested
MERGED from com.google.android.gms:play-services:7.3.0:18:5
MERGED from com.google.android.gms:play-services-ads:7.3.0:18:5
MERGED from com.google.android.gms:play-services-base:7.3.0:18:5
MERGED from com.android.support:support-v4:22.0.0:20:5
MERGED from com.google.android.gms:play-services-analytics:7.3.0:18:5
MERGED from com.google.android.gms:play-services-base:7.3.0:18:5
MERGED from com.android.support:support-v4:22.0.0:20:5
MERGED from com.google.android.gms:play-services-analytics:7.3.0:18:5
MERGED from com.google.android.gms:play-services-base:7.3.0:18:5
MERGED from com.android.support:support-v4:22.0.0:20:5
MERGED from com.google.android.gms:play-services-appindexing:7.3.0:18:5
MERGED from com.google.android.gms:play-services-base:7.3.0:18:5
MERGED from com.android.support:support-v4:22.0.0:20:5
MERGED from com.google.android.gms:play-services-appinvite:7.3.0:18:5
MERGED from com.google.android.gms:play-services-base:7.3.0:18:5
MERGED from com.android.support:support-v4:22.0.0:20:5
MERGED from com.google.android.gms:play-services-appstate:7.3.0:18:5
MERGED from com.google.android.gms:play-services-base:7.3.0:18:5
MERGED from com.android.support:support-v4:22.0.0:20:5
MERGED from com.google.android.gms:play-services-base:7.3.0:18:5
MERGED from com.android.support:support-v4:22.0.0:20:5
MERGED from com.google.android.gms:play-services-cast:7.3.0:18:5
MERGED from com.google.android.gms:play-services-base:7.3.0:18:5
MERGED from com.android.support:support-v4:22.0.0:20:5
MERGED from com.google.android.gms:play-services-drive:7.3.0:18:5
MERGED from com.google.android.gms:play-services-base:7.3.0:18:5
MERGED from com.android.support:support-v4:22.0.0:20:5
MERGED from com.google.android.gms:play-services-fitness:7.3.0:18:5
MERGED from com.google.android.gms:play-services-base:7.3.0:18:5
MERGED from com.android.support:support-v4:22.0.0:20:5
MERGED from com.google.android.gms:play-services-location:7.3.0:18:5
MERGED from com.google.android.gms:play-services-base:7.3.0:18:5
MERGED from com.android.support:support-v4:22.0.0:20:5
MERGED from com.google.android.gms:play-services-maps:7.3.0:18:5
MERGED from com.google.android.gms:play-services-base:7.3.0:18:5
MERGED from com.android.support:support-v4:22.0.0:20:5
MERGED from com.google.android.gms:play-services-games:7.3.0:18:5
MERGED from com.google.android.gms:play-services-base:7.3.0:18:5
MERGED from com.android.support:support-v4:22.0.0:20:5
MERGED from com.google.android.gms:play-services-drive:7.3.0:18:5
MERGED from com.google.android.gms:play-services-base:7.3.0:18:5
MERGED from com.android.support:support-v4:22.0.0:20:5
MERGED from com.google.android.gms:play-services-gcm:7.3.0:18:5
MERGED from com.google.android.gms:play-services-base:7.3.0:18:5
MERGED from com.android.support:support-v4:22.0.0:20:5
MERGED from com.google.android.gms:play-services-identity:7.3.0:18:5
MERGED from com.google.android.gms:play-services-base:7.3.0:18:5
MERGED from com.android.support:support-v4:22.0.0:20:5
MERGED from com.google.android.gms:play-services-location:7.3.0:18:5
MERGED from com.google.android.gms:play-services-base:7.3.0:18:5
MERGED from com.android.support:support-v4:22.0.0:20:5
MERGED from com.google.android.gms:play-services-maps:7.3.0:18:5
MERGED from com.google.android.gms:play-services-base:7.3.0:18:5
MERGED from com.android.support:support-v4:22.0.0:20:5
MERGED from com.google.android.gms:play-services-maps:7.3.0:18:5
MERGED from com.google.android.gms:play-services-base:7.3.0:18:5
MERGED from com.android.support:support-v4:22.0.0:20:5
MERGED from com.google.android.gms:play-services-nearby:7.3.0:18:5
MERGED from com.google.android.gms:play-services-base:7.3.0:18:5
MERGED from com.android.support:support-v4:22.0.0:20:5
MERGED from com.google.android.gms:play-services-panorama:7.3.0:18:5
MERGED from com.google.android.gms:play-services-base:7.3.0:18:5
MERGED from com.android.support:support-v4:22.0.0:20:5
MERGED from com.google.android.gms:play-services-plus:7.3.0:18:5
MERGED from com.google.android.gms:play-services-base:7.3.0:18:5
MERGED from com.android.support:support-v4:22.0.0:20:5
MERGED from com.google.android.gms:play-services-safetynet:7.3.0:18:5
MERGED from com.google.android.gms:play-services-base:7.3.0:18:5
MERGED from com.android.support:support-v4:22.0.0:20:5
MERGED from com.google.android.gms:play-services-wallet:7.3.0:18:5
MERGED from com.google.android.gms:play-services-base:7.3.0:18:5
MERGED from com.android.support:support-v4:22.0.0:20:5
MERGED from com.google.android.gms:play-services-identity:7.3.0:18:5
MERGED from com.google.android.gms:play-services-base:7.3.0:18:5
MERGED from com.android.support:support-v4:22.0.0:20:5
MERGED from com.google.android.gms:play-services-maps:7.3.0:18:5
MERGED from com.google.android.gms:play-services-base:7.3.0:18:5
MERGED from com.android.support:support-v4:22.0.0:20:5
MERGED from com.google.android.gms:play-services-wearable:7.3.0:18:5
MERGED from com.google.android.gms:play-services-base:7.3.0:18:5
MERGED from com.android.support:support-v4:22.0.0:20:5
MERGED from com.android.support:appcompat-v7:21.0.2:15:5
MERGED from com.android.support:support-v4:22.0.0:20:5
MERGED from com.android.support:recyclerview-v7:21.0.0:15:5
MERGED from com.android.support:support-v4:22.0.0:20:5
MERGED from com.daimajia.swipelayout:library:1.1.9:6:5
MERGED from YUFIT:mgsdk:unspecified:7:5
	android:targetSdkVersion
		INJECTED from AndroidManifest.xml:0:0
		INJECTED from AndroidManifest.xml:0:0
	android:minSdkVersion
		INJECTED from AndroidManifest.xml:0:0
		INJECTED from AndroidManifest.xml:0:0
meta-data#com.google.android.gms.version
ADDED from com.google.android.gms:play-services-base:7.3.0:21:9
MERGED from com.google.android.gms:play-services-base:7.3.0:21:9
MERGED from com.google.android.gms:play-services-base:7.3.0:21:9
MERGED from com.google.android.gms:play-services-base:7.3.0:21:9
MERGED from com.google.android.gms:play-services-base:7.3.0:21:9
MERGED from com.google.android.gms:play-services-base:7.3.0:21:9
MERGED from com.google.android.gms:play-services-base:7.3.0:21:9
MERGED from com.google.android.gms:play-services-base:7.3.0:21:9
MERGED from com.google.android.gms:play-services-base:7.3.0:21:9
MERGED from com.google.android.gms:play-services-base:7.3.0:21:9
MERGED from com.google.android.gms:play-services-base:7.3.0:21:9
MERGED from com.google.android.gms:play-services-base:7.3.0:21:9
MERGED from com.google.android.gms:play-services-base:7.3.0:21:9
MERGED from com.google.android.gms:play-services-base:7.3.0:21:9
MERGED from com.google.android.gms:play-services-base:7.3.0:21:9
MERGED from com.google.android.gms:play-services-base:7.3.0:21:9
MERGED from com.google.android.gms:play-services-base:7.3.0:21:9
MERGED from com.google.android.gms:play-services-base:7.3.0:21:9
MERGED from com.google.android.gms:play-services-base:7.3.0:21:9
MERGED from com.google.android.gms:play-services-base:7.3.0:21:9
MERGED from com.google.android.gms:play-services-base:7.3.0:21:9
MERGED from com.google.android.gms:play-services-base:7.3.0:21:9
MERGED from com.google.android.gms:play-services-base:7.3.0:21:9
MERGED from com.google.android.gms:play-services-base:7.3.0:21:9
MERGED from com.google.android.gms:play-services-base:7.3.0:21:9
MERGED from com.google.android.gms:play-services-base:7.3.0:21:9
MERGED from com.google.android.gms:play-services-base:7.3.0:21:9
	android:name
		ADDED from com.google.android.gms:play-services-base:7.3.0:22:13
	android:value
		ADDED from com.google.android.gms:play-services-base:7.3.0:23:13
activity#android.support.v7.widget.TestActivity
ADDED from com.android.support:recyclerview-v7:21.0.0:18:9
	android:label
		ADDED from com.android.support:recyclerview-v7:21.0.0:18:19
	android:name
		ADDED from com.android.support:recyclerview-v7:21.0.0:18:60
uses-permission#android.permission.RECEIVE_BOOT_COMPLETED
ADDED from YUFIT:mgsdk:unspecified:13:5
	android:name
		ADDED from YUFIT:mgsdk:unspecified:13:22
service#com.maxwellguider.bluetooth.BTService
ADDED from YUFIT:mgsdk:unspecified:22:9
	android:name
		ADDED from YUFIT:mgsdk:unspecified:22:18
receiver#com.maxwellguider.bluetooth.BootCompletedReceiver
ADDED from YUFIT:mgsdk:unspecified:24:9
	android:name
		ADDED from YUFIT:mgsdk:unspecified:24:19
receiver#com.maxwellguider.bluetooth.BtStateChangeReceiver
ADDED from YUFIT:mgsdk:unspecified:29:9
	android:name
		ADDED from YUFIT:mgsdk:unspecified:29:19